#-----------------------------------------------------------
# Vivado v2018.3 (64-bit)
# SW Build 2405991 on Thu Dec  6 23:38:27 MST 2018
# IP Build 2404404 on Fri Dec  7 01:43:56 MST 2018
# Start of session at: Fri May 24 10:38:16 2019
# Process ID: 7260
# Current directory: C:/Users/darny/final_project
# Command line: vivado.exe -gui_launcher_event rodinguilauncherevent928 C:\Users\darny\final_project\final_project.xpr
# Log file: C:/Users/darny/final_project/vivado.log
# Journal file: C:/Users/darny/final_project\vivado.jou
#-----------------------------------------------------------
start_gui
open_project C:/Users/darny/final_project/final_project.xpr
Scanning sources...
Finished scanning sources
INFO: [IP_Flow 19-234] Refreshing IP repositories
INFO: [IP_Flow 19-1704] No user IP repositories specified
INFO: [IP_Flow 19-2313] Loaded Vivado IP repository 'C:/Xilinx/Vivado/2018.3/data/ip'.
open_project: Time (s): cpu = 00:00:10 ; elapsed = 00:00:08 . Memory (MB): peak = 653.824 ; gain = 77.645
update_compile_order -fileset sources_1
create_bd_design "design_1"
Wrote  : <C:\Users\darny\final_project\final_project.srcs\sources_1\bd\design_1\design_1.bd> 
update_compile_order -fileset sources_1
startgroup
create_bd_cell -type ip -vlnv xilinx.com:ip:microblaze:11.0 microblaze_0
endgroup
startgroup
apply_bd_automation -rule xilinx.com:bd_rule:microblaze -config { axi_intc {0} axi_periph {Enabled} cache {None} clk {New Clocking Wizard (100 MHz)} debug_module {Debug Only} ecc {None} local_mem {8KB} preset {None}}  [get_bd_cells microblaze_0]
INFO: [Common 17-365] Interrupt caught but 'apply_bd_automation' cannot be canceled. Please wait for command to finish.
INFO: [Device 21-403] Loading part xc7a100tcsg324-1
apply_bd_automation: Time (s): cpu = 00:00:08 ; elapsed = 00:00:10 . Memory (MB): peak = 1055.961 ; gain = 216.188
INFO: [Common 17-681] Processing pending cancel.
endgroup
WARNING: [BD 5-232] No interface pins matched 'get_bd_intf_pins /clk_wiz_1/reset'
WARNING: [BD 5-232] No interface pins matched 'get_bd_intf_pins /clk_wiz_1/reset'
WARNING: [BD 5-232] No interface pins matched 'get_bd_intf_pins /rst_clk_wiz_1_100M/ext_reset_in'
WARNING: [BD 5-232] No interface pins matched 'get_bd_intf_pins /rst_clk_wiz_1_100M/ext_reset_in'
startgroup
apply_bd_automation -rule xilinx.com:bd_rule:board -config { Manual_Source {Auto}}  [get_bd_intf_pins clk_wiz_1/CLK_IN1_D]
INFO: [board_rule 100-100] create_bd_intf_port -mode Slave -vlnv xilinx.com:interface:diff_clock_rtl:1.0 diff_clock_rtl_0
INFO: [board_rule 100-100] set_property CONFIG.FREQ_HZ 100000000 /diff_clock_rtl_0
INFO: [board_rule 100-100] connect_bd_intf_net /diff_clock_rtl_0 /clk_wiz_1/CLK_IN1_D
apply_bd_automation -rule xilinx.com:bd_rule:board -config { Manual_Source {Auto} rst_polarity {ACTIVE_HIGH}}  [get_bd_pins clk_wiz_1/reset]
INFO: [board_rule 100-100] create_bd_port -dir I reset_rtl_0 -type rst
INFO: [board_rule 100-100] set_property CONFIG.POLARITY  /reset_rtl_0
INFO: [board_rule 100-100] connect_bd_net /reset_rtl_0 /clk_wiz_1/reset
INFO: [board_rule 100-100] set_property CONFIG.POLARITY ACTIVE_HIGH /reset_rtl_0
apply_bd_automation -rule xilinx.com:bd_rule:board -config { Manual_Source {Auto} rst_polarity {ACTIVE_LOW}}  [get_bd_pins rst_clk_wiz_1_100M/ext_reset_in]
INFO: [board_rule 100-100] create_bd_port -dir I reset_rtl_0_0 -type rst
INFO: [board_rule 100-100] set_property CONFIG.POLARITY  /reset_rtl_0_0
INFO: [board_rule 100-100] connect_bd_net /reset_rtl_0_0 /rst_clk_wiz_1_100M/ext_reset_in
INFO: [board_rule 100-100] set_property CONFIG.POLARITY ACTIVE_LOW /reset_rtl_0_0
endgroup
regenerate_bd_layout
startgroup
create_bd_cell -type ip -vlnv xilinx.com:ip:axi_interconnect:2.1 axi_interconnect_0
endgroup
set_property location {1 125 30} [get_bd_cells axi_interconnect_0]
apply_bd_automation -rule xilinx.com:bd_rule:clkrst -config {Clk "/clk_wiz_1/clk_out1 (100 MHz)" }  [get_bd_pins axi_interconnect_0/ACLK]
delete_bd_objs [get_bd_nets reset_rtl_0_0_1] [get_bd_nets rst_clk_wiz_1_100M_peripheral_aresetn] [get_bd_nets mdm_1_debug_sys_rst] [get_bd_nets clk_wiz_1_locked] [get_bd_nets rst_clk_wiz_1_100M_mb_reset] [get_bd_nets rst_clk_wiz_1_100M_bus_struct_reset] [get_bd_cells rst_clk_wiz_1_100M]
delete_bd_objs [get_bd_intf_nets microblaze_0_dlmb_1] [get_bd_intf_nets microblaze_0_ilmb_1] [get_bd_intf_nets microblaze_0_debug] [get_bd_cells microblaze_0]
startgroup
create_bd_cell -type ip -vlnv xilinx.com:ip:microblaze:11.0 microblaze_0
endgroup
apply_bd_automation -rule xilinx.com:bd_rule:microblaze -config { axi_intc {0} axi_periph {Enabled} cache {None} clk {/clk_wiz_1/clk_out1 (100 MHz)} debug_module {Debug Only} ecc {None} local_mem {64KB} preset {None}}  [get_bd_cells microblaze_0]
ERROR: [xilinx.com:ip:microblaze:11.0-101] Found existing local memory hierarchy "/microblaze_0_local_memory". Please rename or delete this hierarchy and re-apply the rule.
delete_bd_objs [get_bd_cells mdm_1]
delete_bd_objs [get_bd_cells microblaze_0_local_memory]
delete_bd_objs [get_bd_cells microblaze_0]
startgroup
create_bd_cell -type ip -vlnv xilinx.com:ip:microblaze:11.0 microblaze_0
endgroup
apply_bd_automation -rule xilinx.com:bd_rule:microblaze -config { axi_intc {0} axi_periph {Enabled} cache {None} clk {/clk_wiz_1/clk_out1 (100 MHz)} debug_module {Debug Only} ecc {None} local_mem {64KB} preset {None}}  [get_bd_cells microblaze_0]
regenerate_bd_layout
delete_bd_objs [get_bd_ports reset_rtl_0_0]
startgroup
set_property -dict [list CONFIG.C_S_AXI_ADDR_WIDTH {5} CONFIG.C_DBG_REG_ACCESS {1} CONFIG.C_DBG_MEM_ACCESS {0}] [get_bd_cells mdm_1]
endgroup
apply_bd_automation -rule xilinx.com:bd_rule:axi4 -config { Clk_master {/clk_wiz_1/clk_out1 (100 MHz)} Clk_slave {Auto} Clk_xbar {Auto} Master {/microblaze_0 (Periph)} Slave {/mdm_1/S_AXI} intc_ip {New AXI Interconnect} master_apm {0}}  [get_bd_intf_pins mdm_1/S_AXI]
</mdm_1/S_AXI/Reg> is being mapped into </microblaze_0/Data> at <0x41400000 [ 4K ]>
save_bd_design
Wrote  : <C:\Users\darny\final_project\final_project.srcs\sources_1\bd\design_1\design_1.bd> 
Wrote  : <C:/Users/darny/final_project/final_project.srcs/sources_1/bd/design_1/ui/bd_1f5defd0.ui> 
delete_bd_objs [get_bd_intf_nets microblaze_0_dlmb_1] [get_bd_intf_nets microblaze_0_ilmb_1] [get_bd_intf_nets microblaze_0_M_AXI_DP] [get_bd_intf_nets microblaze_0_debug] [get_bd_nets rst_clk_wiz_1_100M_mb_reset] [get_bd_cells microblaze_0]
delete_bd_objs [get_bd_intf_nets microblaze_0_axi_periph_M00_AXI] [get_bd_nets mdm_1_debug_sys_rst] [get_bd_cells mdm_1]
delete_bd_objs [get_bd_nets rst_clk_wiz_1_100M_bus_struct_reset] [get_bd_cells microblaze_0_local_memory]
startgroup
create_bd_cell -type ip -vlnv xilinx.com:ip:microblaze:11.0 microblaze_0
endgroup
startgroup
apply_bd_automation -rule xilinx.com:bd_rule:microblaze -config { axi_intc {0} axi_periph {Enabled} cache {None} clk {/clk_wiz_1/clk_out1 (100 MHz)} debug_module {Debug & UART} ecc {None} local_mem {64KB} preset {None}}  [get_bd_cells microblaze_0]
endgroup
startgroup
set_property -dict [list CONFIG.PRIM_SOURCE {Single_ended_clock_capable_pin} CONFIG.USE_LOCKED {false} CONFIG.USE_RESET {false}] [get_bd_cells clk_wiz_1]
WARNING: [BD 41-1684] Pin /clk_wiz_1/reset is now disabled. All connections to this pin have been removed. 
delete_bd_objs [get_bd_nets clk_wiz_1_locked] [get_bd_intf_nets diff_clock_rtl_0_1]
endgroup
regenerate_bd_layout
delete_bd_objs [get_bd_intf_ports diff_clock_rtl_0]
WARNING: [BD 5-232] No interface pins matched 'get_bd_intf_pins /clk_wiz_1/clk_in1'
WARNING: [BD 5-232] No interface pins matched 'get_bd_intf_pins /clk_wiz_1/clk_in1'
apply_bd_automation -rule xilinx.com:bd_rule:board -config { Clk {New External Port (100 MHz)} Manual_Source {Auto}}  [get_bd_pins clk_wiz_1/clk_in1]
startgroup
create_bd_cell -type ip -vlnv xilinx.com:ip:axi_gpio:2.0 axi_gpio_0
endgroup
startgroup
apply_bd_automation -rule xilinx.com:bd_rule:axi4 -config { Clk_master {/clk_wiz_1/clk_out1 (100 MHz)} Clk_slave {Auto} Clk_xbar {/clk_wiz_1/clk_out1 (100 MHz)} Master {/microblaze_0 (Periph)} Slave {/axi_gpio_0/S_AXI} intc_ip {/microblaze_0_axi_periph} master_apm {0}}  [get_bd_intf_pins axi_gpio_0/S_AXI]
</axi_gpio_0/S_AXI/Reg> is being mapped into </microblaze_0/Data> at <0x40000000 [ 64K ]>
apply_bd_automation -rule xilinx.com:bd_rule:board -config { Manual_Source {Auto}}  [get_bd_intf_pins axi_gpio_0/GPIO]
INFO: [board_rule 100-100] create_bd_intf_port -mode Master -vlnv xilinx.com:interface:gpio_rtl:1.0 gpio_rtl_0
INFO: [board_rule 100-100] connect_bd_intf_net /gpio_rtl_0 /axi_gpio_0/GPIO
endgroup
startgroup
set_property -dict [list CONFIG.C_GPIO_WIDTH {22}] [get_bd_cells axi_gpio_0]
endgroup
save_bd_design
Wrote  : <C:\Users\darny\final_project\final_project.srcs\sources_1\bd\design_1\design_1.bd> 
Wrote  : <C:/Users/darny/final_project/final_project.srcs/sources_1/bd/design_1/ui/bd_1f5defd0.ui> 
regenerate_bd_layout
save_bd_design
Wrote  : <C:/Users/darny/final_project/final_project.srcs/sources_1/bd/design_1/ui/bd_1f5defd0.ui> 
exit
INFO: [Common 17-206] Exiting Vivado at Sun May 26 18:18:23 2019...
